<?xml version="1.0" encoding="UTF-8"?>
<!-- Generated by org.testng.reporters.JUnitReportReporter -->
<testsuite hostname="Sarthak" failures="0" tests="3" name="tenable.challenge.AppTest" time="17.082" errors="0" timestamp="2024-08-20T20:22:00 CEST" skipped="0">
  <testcase classname="tenable.challenge.AppTest" name="Task3" time="3.303"/>
  <testcase classname="tenable.challenge.AppTest" name="Task1" time="0.280"/>
  <testcase classname="tenable.challenge.AppTest" name="Task2" time="13.499"/>
</testsuite> <!-- tenable.challenge.AppTest -->
